<?xml version="1.0" encoding="UTF-8"?>
<coverage generated="1522951802330" clover="3.2.0">
  <project timestamp="1522951802330" name="All files">
    <metrics statements="23" coveredstatements="18" conditionals="10" coveredconditionals="6" methods="10" coveredmethods="9" elements="43" coveredelements="33" complexity="0" loc="23" ncloc="23" packages="3" files="8" classes="8">
      <package name="src">
        <metrics statements="10" coveredstatements="5" conditionals="6" coveredconditionals="2" methods="2" coveredmethods="1"/>
        <file name="index.js" path="/Users/chrisjminnick/WebstormProjects/tdd-using-react/tdd-using-react-demos/FinishedApp/store-locator/src/index.js">
          <metrics statements="5" coveredstatements="0" conditionals="4" coveredconditionals="0" methods="1" coveredmethods="0"/>
          <line num="1" count="0" type="stmt"/>
          <line num="2" count="0" type="stmt"/>
          <line num="3" count="0" type="stmt"/>
          <line num="4" count="0" type="cond" truecount="0" falsecount="4"/>
          <line num="7" count="0" type="stmt"/>
        </file>
        <file name="mapChooser.js" path="/Users/chrisjminnick/WebstormProjects/tdd-using-react/tdd-using-react-demos/FinishedApp/store-locator/src/mapChooser.js">
          <metrics statements="4" coveredstatements="4" conditionals="2" coveredconditionals="2" methods="1" coveredmethods="1"/>
          <line num="2" count="3" type="cond" truecount="2" falsecount="0"/>
          <line num="3" count="1" type="stmt"/>
          <line num="5" count="3" type="stmt"/>
          <line num="6" count="3" type="stmt"/>
        </file>
        <file name="setupTests.js" path="/Users/chrisjminnick/WebstormProjects/tdd-using-react/tdd-using-react-demos/FinishedApp/store-locator/src/setupTests.js">
          <metrics statements="1" coveredstatements="1" conditionals="0" coveredconditionals="0" methods="0" coveredmethods="0"/>
          <line num="4" count="6" type="stmt"/>
        </file>
      </package>
      <package name="src.components">
        <metrics statements="4" coveredstatements="4" conditionals="4" coveredconditionals="4" methods="3" coveredmethods="3"/>
        <file name="Button.js" path="/Users/chrisjminnick/WebstormProjects/tdd-using-react/tdd-using-react-demos/FinishedApp/store-locator/src/components/Button.js">
          <metrics statements="1" coveredstatements="1" conditionals="2" coveredconditionals="2" methods="1" coveredmethods="1"/>
          <line num="7" count="7" type="cond" truecount="2" falsecount="0"/>
        </file>
        <file name="Header.js" path="/Users/chrisjminnick/WebstormProjects/tdd-using-react/tdd-using-react-demos/FinishedApp/store-locator/src/components/Header.js">
          <metrics statements="1" coveredstatements="1" conditionals="0" coveredconditionals="0" methods="1" coveredmethods="1"/>
          <line num="6" count="3" type="stmt"/>
        </file>
        <file name="Map.js" path="/Users/chrisjminnick/WebstormProjects/tdd-using-react/tdd-using-react-demos/FinishedApp/store-locator/src/components/Map.js">
          <metrics statements="2" coveredstatements="2" conditionals="2" coveredconditionals="2" methods="1" coveredmethods="1"/>
          <line num="6" count="4" type="cond" truecount="2" falsecount="0"/>
          <line num="8" count="4" type="stmt"/>
        </file>
      </package>
      <package name="src.containers">
        <metrics statements="9" coveredstatements="9" conditionals="0" coveredconditionals="0" methods="5" coveredmethods="5"/>
        <file name="App.js" path="/Users/chrisjminnick/WebstormProjects/tdd-using-react/tdd-using-react-demos/FinishedApp/store-locator/src/containers/App.js">
          <metrics statements="1" coveredstatements="1" conditionals="0" coveredconditionals="0" methods="1" coveredmethods="1"/>
          <line num="7" count="2" type="stmt"/>
        </file>
        <file name="StoreLocator.js" path="/Users/chrisjminnick/WebstormProjects/tdd-using-react/tdd-using-react-demos/FinishedApp/store-locator/src/containers/StoreLocator.js">
          <metrics statements="8" coveredstatements="8" conditionals="0" coveredconditionals="0" methods="4" coveredmethods="4"/>
          <line num="9" count="5" type="stmt"/>
          <line num="10" count="5" type="stmt"/>
          <line num="21" count="5" type="stmt"/>
          <line num="25" count="5" type="stmt"/>
          <line num="30" count="1" type="stmt"/>
          <line num="34" count="6" type="stmt"/>
          <line num="35" count="18" type="stmt"/>
          <line num="37" count="6" type="stmt"/>
        </file>
      </package>
    </metrics>
  </project>
</coverage>
