{"/Users/chrisjminnick/WebstormProjects/tdd-using-react/tdd-using-react-demos/FinishedApp/store-locator/src/index.js": {"path":"/Users/chrisjminnick/WebstormProjects/tdd-using-react/tdd-using-react-demos/FinishedApp/store-locator/src/index.js","statementMap":{"0":{"start":{"line":1,"column":32},"end":{"line":1,"column":148}},"1":{"start":{"line":1,"column":162},"end":{"line":1,"column":178}},"2":{"start":{"line":1,"column":193},"end":{"line":1,"column":223}},"3":{"start":{"line":2,"column":16},"end":{"line":2,"column":36}},"4":{"start":{"line":2,"column":54},"end":{"line":2,"column":87}},"5":{"start":{"line":3,"column":0},"end":{"line":3,"column":23}},"6":{"start":{"line":4,"column":11},"end":{"line":4,"column":41}},"7":{"start":{"line":4,"column":54},"end":{"line":4,"column":82}},"8":{"start":{"line":4,"column":121},"end":{"line":4,"column":175}},"9":{"start":{"line":7,"column":0},"end":{"line":7,"column":181}}},"fnMap":{"0":{"name":"_interopRequireDefault","decl":{"start":{"line":4,"column":92},"end":{"line":4,"column":114}},"loc":{"start":{"line":4,"column":120},"end":{"line":4,"column":176}},"line":4}},"branchMap":{"0":{"loc":{"start":{"line":4,"column":128},"end":{"line":4,"column":174}},"type":"cond-expr","locations":[{"start":{"line":4,"column":152},"end":{"line":4,"column":155}},{"start":{"line":4,"column":158},"end":{"line":4,"column":174}}],"line":4},"1":{"loc":{"start":{"line":4,"column":128},"end":{"line":4,"column":149}},"type":"binary-expr","locations":[{"start":{"line":4,"column":128},"end":{"line":4,"column":131}},{"start":{"line":4,"column":135},"end":{"line":4,"column":149}}],"line":4}},"s":{"0":0,"1":0,"2":0,"3":0,"4":0,"5":0,"6":0,"7":0,"8":0,"9":0},"f":{"0":0},"b":{"0":[0,0],"1":[0,0]}}
,"/Users/chrisjminnick/WebstormProjects/tdd-using-react/tdd-using-react-demos/FinishedApp/store-locator/src/mapChooser.js": {"path":"/Users/chrisjminnick/WebstormProjects/tdd-using-react/tdd-using-react-demos/FinishedApp/store-locator/src/mapChooser.js","statementMap":{"0":{"start":{"line":2,"column":4},"end":{"line":4,"column":5}},"1":{"start":{"line":3,"column":8},"end":{"line":3,"column":30}},"2":{"start":{"line":5,"column":20},"end":{"line":5,"column":41}},"3":{"start":{"line":6,"column":4},"end":{"line":6,"column":23}}},"fnMap":{"0":{"name":"mapChooser","decl":{"start":{"line":1,"column":9},"end":{"line":1,"column":19}},"loc":{"start":{"line":1,"column":33},"end":{"line":7,"column":1}},"line":1}},"branchMap":{"0":{"loc":{"start":{"line":2,"column":4},"end":{"line":4,"column":5}},"type":"if","locations":[{"start":{"line":2,"column":4},"end":{"line":4,"column":5}},{"start":{"line":2,"column":4},"end":{"line":4,"column":5}}],"line":2}},"s":{"0":3,"1":1,"2":3,"3":3},"f":{"0":3},"b":{"0":[1,2]},"_coverageSchema":"332fd63041d2c1bcb487cc26dd0d5f7d97098a6c","hash":"1e12762cd7900f2c2c009713436750f87dd477ee"}
,"/Users/chrisjminnick/WebstormProjects/tdd-using-react/tdd-using-react-demos/FinishedApp/store-locator/src/setupTests.js": {"path":"/Users/chrisjminnick/WebstormProjects/tdd-using-react/tdd-using-react-demos/FinishedApp/store-locator/src/setupTests.js","statementMap":{"0":{"start":{"line":4,"column":0},"end":{"line":4,"column":38}}},"fnMap":{},"branchMap":{},"s":{"0":6},"f":{},"b":{},"_coverageSchema":"332fd63041d2c1bcb487cc26dd0d5f7d97098a6c","hash":"de89d905561660d0726bd2c3fd7e3e0d8a01a2f7"}
,"/Users/chrisjminnick/WebstormProjects/tdd-using-react/tdd-using-react-demos/FinishedApp/store-locator/src/components/Button.js": {"path":"/Users/chrisjminnick/WebstormProjects/tdd-using-react/tdd-using-react-demos/FinishedApp/store-locator/src/components/Button.js","statementMap":{"0":{"start":{"line":7,"column":8},"end":{"line":7,"column":187}}},"fnMap":{"0":{"name":"(anonymous_0)","decl":{"start":{"line":6,"column":4},"end":{"line":6,"column":5}},"loc":{"start":{"line":6,"column":13},"end":{"line":8,"column":5}},"line":6}},"branchMap":{"0":{"loc":{"start":{"line":7,"column":116},"end":{"line":7,"column":175}},"type":"cond-expr","locations":[{"start":{"line":7,"column":138},"end":{"line":7,"column":157}},{"start":{"line":7,"column":160},"end":{"line":7,"column":175}}],"line":7}},"s":{"0":7},"f":{"0":7},"b":{"0":[1,6]},"_coverageSchema":"332fd63041d2c1bcb487cc26dd0d5f7d97098a6c","hash":"767eea05bf5dba21a962ef03eeef843c959f69cd"}
,"/Users/chrisjminnick/WebstormProjects/tdd-using-react/tdd-using-react-demos/FinishedApp/store-locator/src/components/Header.js": {"path":"/Users/chrisjminnick/WebstormProjects/tdd-using-react/tdd-using-react-demos/FinishedApp/store-locator/src/components/Header.js","statementMap":{"0":{"start":{"line":6,"column":8},"end":{"line":11,"column":10}}},"fnMap":{"0":{"name":"(anonymous_0)","decl":{"start":{"line":5,"column":4},"end":{"line":5,"column":5}},"loc":{"start":{"line":5,"column":13},"end":{"line":12,"column":5}},"line":5}},"branchMap":{},"s":{"0":3},"f":{"0":3},"b":{},"_coverageSchema":"332fd63041d2c1bcb487cc26dd0d5f7d97098a6c","hash":"0d5b9ba43a2353a2be5bd00b0f0c23f80a8e987b"}
,"/Users/chrisjminnick/WebstormProjects/tdd-using-react/tdd-using-react-demos/FinishedApp/store-locator/src/components/Map.js": {"path":"/Users/chrisjminnick/WebstormProjects/tdd-using-react/tdd-using-react-demos/FinishedApp/store-locator/src/components/Map.js","statementMap":{"0":{"start":{"line":6,"column":67},"end":{"line":6,"column":77}},"1":{"start":{"line":8,"column":8},"end":{"line":10,"column":24}}},"fnMap":{"0":{"name":"(anonymous_0)","decl":{"start":{"line":5,"column":4},"end":{"line":5,"column":5}},"loc":{"start":{"line":5,"column":13},"end":{"line":11,"column":5}},"line":5}},"branchMap":{"0":{"loc":{"start":{"line":6,"column":13},"end":{"line":6,"column":35}},"type":"default-arg","locations":[{"start":{"line":6,"column":25},"end":{"line":6,"column":35}}],"line":6},"1":{"loc":{"start":{"line":6,"column":37},"end":{"line":6,"column":63}},"type":"default-arg","locations":[{"start":{"line":6,"column":48},"end":{"line":6,"column":63}}],"line":6}},"s":{"0":4,"1":4},"f":{"0":4},"b":{"0":[4],"1":[4]},"_coverageSchema":"332fd63041d2c1bcb487cc26dd0d5f7d97098a6c","hash":"4b3a43d9650b14a604044616d720fa73a200043e"}
,"/Users/chrisjminnick/WebstormProjects/tdd-using-react/tdd-using-react-demos/FinishedApp/store-locator/src/containers/App.js": {"path":"/Users/chrisjminnick/WebstormProjects/tdd-using-react/tdd-using-react-demos/FinishedApp/store-locator/src/containers/App.js","statementMap":{"0":{"start":{"line":7,"column":4},"end":{"line":11,"column":6}}},"fnMap":{"0":{"name":"(anonymous_0)","decl":{"start":{"line":6,"column":2},"end":{"line":6,"column":3}},"loc":{"start":{"line":6,"column":11},"end":{"line":12,"column":3}},"line":6}},"branchMap":{},"s":{"0":2},"f":{"0":2},"b":{},"_coverageSchema":"332fd63041d2c1bcb487cc26dd0d5f7d97098a6c","hash":"8ad754eea9e35f6951a88250d13c846a27f63968"}
,"/Users/chrisjminnick/WebstormProjects/tdd-using-react/tdd-using-react-demos/FinishedApp/store-locator/src/containers/StoreLocator.js": {"path":"/Users/chrisjminnick/WebstormProjects/tdd-using-react/tdd-using-react-demos/FinishedApp/store-locator/src/containers/StoreLocator.js","statementMap":{"0":{"start":{"line":9,"column":8},"end":{"line":9,"column":21}},"1":{"start":{"line":10,"column":8},"end":{"line":20,"column":15}},"2":{"start":{"line":21,"column":8},"end":{"line":23,"column":10}},"3":{"start":{"line":25,"column":8},"end":{"line":25,"column":51}},"4":{"start":{"line":30,"column":8},"end":{"line":30,"column":64}},"5":{"start":{"line":34,"column":27},"end":{"line":36,"column":10}},"6":{"start":{"line":35,"column":12},"end":{"line":35,"column":94}},"7":{"start":{"line":37,"column":8},"end":{"line":44,"column":18}}},"fnMap":{"0":{"name":"(anonymous_0)","decl":{"start":{"line":8,"column":4},"end":{"line":8,"column":5}},"loc":{"start":{"line":8,"column":23},"end":{"line":27,"column":5}},"line":8},"1":{"name":"(anonymous_1)","decl":{"start":{"line":29,"column":4},"end":{"line":29,"column":5}},"loc":{"start":{"line":29,"column":16},"end":{"line":31,"column":5}},"line":29},"2":{"name":"(anonymous_2)","decl":{"start":{"line":32,"column":4},"end":{"line":32,"column":5}},"loc":{"start":{"line":32,"column":13},"end":{"line":45,"column":5}},"line":32},"3":{"name":"(anonymous_3)","decl":{"start":{"line":34,"column":42},"end":{"line":34,"column":43}},"loc":{"start":{"line":34,"column":53},"end":{"line":36,"column":9}},"line":34}},"branchMap":{},"s":{"0":5,"1":5,"2":5,"3":5,"4":1,"5":6,"6":18,"7":6},"f":{"0":5,"1":1,"2":6,"3":18},"b":{},"_coverageSchema":"332fd63041d2c1bcb487cc26dd0d5f7d97098a6c","hash":"5c23f0aabfa5745770af1f4a564343673553798f"}
}
