TN:
SF:/Users/chrisjminnick/WebstormProjects/tdd-using-react/tdd-using-react-demos/FinishedApp/store-locator/src/index.js
FN:4,_interopRequireDefault
FNF:1
FNH:0
FNDA:0,_interopRequireDefault
DA:1,0
DA:2,0
DA:3,0
DA:4,0
DA:7,0
LF:5
LH:0
BRDA:4,0,0,0
BRDA:4,0,1,0
BRDA:4,1,0,0
BRDA:4,1,1,0
BRF:4
BRH:0
end_of_record
TN:
SF:/Users/chrisjminnick/WebstormProjects/tdd-using-react/tdd-using-react-demos/FinishedApp/store-locator/src/mapChooser.js
FN:1,mapChooser
FNF:1
FNH:1
FNDA:3,mapChooser
DA:2,3
DA:3,1
DA:5,3
DA:6,3
LF:4
LH:4
BRDA:2,0,0,1
BRDA:2,0,1,2
BRF:2
BRH:2
end_of_record
TN:
SF:/Users/chrisjminnick/WebstormProjects/tdd-using-react/tdd-using-react-demos/FinishedApp/store-locator/src/setupTests.js
FNF:0
FNH:0
DA:4,6
LF:1
LH:1
BRF:0
BRH:0
end_of_record
TN:
SF:/Users/chrisjminnick/WebstormProjects/tdd-using-react/tdd-using-react-demos/FinishedApp/store-locator/src/components/Button.js
FN:6,(anonymous_0)
FNF:1
FNH:1
FNDA:7,(anonymous_0)
DA:7,7
LF:1
LH:1
BRDA:7,0,0,1
BRDA:7,0,1,6
BRF:2
BRH:2
end_of_record
TN:
SF:/Users/chrisjminnick/WebstormProjects/tdd-using-react/tdd-using-react-demos/FinishedApp/store-locator/src/components/Header.js
FN:5,(anonymous_0)
FNF:1
FNH:1
FNDA:3,(anonymous_0)
DA:6,3
LF:1
LH:1
BRF:0
BRH:0
end_of_record
TN:
SF:/Users/chrisjminnick/WebstormProjects/tdd-using-react/tdd-using-react-demos/FinishedApp/store-locator/src/components/Map.js
FN:5,(anonymous_0)
FNF:1
FNH:1
FNDA:4,(anonymous_0)
DA:6,4
DA:8,4
LF:2
LH:2
BRDA:6,0,0,4
BRDA:6,1,0,4
BRF:2
BRH:2
end_of_record
TN:
SF:/Users/chrisjminnick/WebstormProjects/tdd-using-react/tdd-using-react-demos/FinishedApp/store-locator/src/containers/App.js
FN:6,(anonymous_0)
FNF:1
FNH:1
FNDA:2,(anonymous_0)
DA:7,2
LF:1
LH:1
BRF:0
BRH:0
end_of_record
TN:
SF:/Users/chrisjminnick/WebstormProjects/tdd-using-react/tdd-using-react-demos/FinishedApp/store-locator/src/containers/StoreLocator.js
FN:8,(anonymous_0)
FN:29,(anonymous_1)
FN:32,(anonymous_2)
FN:34,(anonymous_3)
FNF:4
FNH:4
FNDA:5,(anonymous_0)
FNDA:1,(anonymous_1)
FNDA:6,(anonymous_2)
FNDA:18,(anonymous_3)
DA:9,5
DA:10,5
DA:21,5
DA:25,5
DA:30,1
DA:34,6
DA:35,18
DA:37,6
LF:8
LH:8
BRF:0
BRH:0
end_of_record
